[0m22:36:19.548846 [debug] [MainThread]: Sending event: {'category': 'dbt', 'action': 'invocation', 'label': 'start', 'context': [<snowplow_tracker.self_describing_json.SelfDescribingJson object at 0x79b374d39710>, <snowplow_tracker.self_describing_json.SelfDescribingJson object at 0x79b375fe2f50>, <snowplow_tracker.self_describing_json.SelfDescribingJson object at 0x79b374d17790>]}


============================== 22:36:19.557190 | e4d5050f-e1b4-4623-b926-bb25304cb96c ==============================
[0m22:36:19.557190 [info ] [MainThread]: Running with dbt=1.7.19
[0m22:36:19.558958 [debug] [MainThread]: running dbt with arguments {'printer_width': '80', 'indirect_selection': 'eager', 'write_json': 'True', 'log_cache_events': 'False', 'partial_parse': 'True', 'cache_selected_only': 'False', 'warn_error': 'None', 'debug': 'False', 'version_check': 'True', 'log_path': '/usr/app/logs', 'profiles_dir': '/usr/app', 'fail_fast': 'False', 'use_colors': 'True', 'use_experimental_parser': 'False', 'no_print': 'None', 'quiet': 'False', 'warn_error_options': 'WarnErrorOptions(include=[], exclude=[])', 'static_parser': 'True', 'invocation_command': 'dbt debug', 'introspect': 'True', 'target_path': 'None', 'log_format': 'default', 'send_anonymous_usage_stats': 'True'}
[0m22:36:19.562174 [info ] [MainThread]: dbt version: 1.7.19
[0m22:36:19.563622 [info ] [MainThread]: python version: 3.11.2
[0m22:36:19.565423 [info ] [MainThread]: python path: /usr/local/bin/python
[0m22:36:19.566941 [info ] [MainThread]: os info: Linux-6.6.87.2-microsoft-standard-WSL2-x86_64-with-glibc2.31
[0m22:36:19.633025 [info ] [MainThread]: Using profiles dir at /usr/app
[0m22:36:19.634119 [info ] [MainThread]: Using profiles.yml file at /usr/app/profiles.yml
[0m22:36:19.635215 [info ] [MainThread]: Using dbt_project.yml file at /usr/app/dbt_project.yml
[0m22:36:19.636588 [info ] [MainThread]: adapter type: postgres
[0m22:36:19.637545 [info ] [MainThread]: adapter version: 1.7.19
[0m22:36:19.714882 [info ] [MainThread]: Configuration:
[0m22:36:19.715965 [info ] [MainThread]:   profiles.yml file [[32mOK found and valid[0m]
[0m22:36:19.717019 [info ] [MainThread]:   dbt_project.yml file [[32mOK found and valid[0m]
[0m22:36:19.717947 [info ] [MainThread]: Required dependencies:
[0m22:36:19.719006 [debug] [MainThread]: Executing "git --help"
[0m22:36:19.722443 [debug] [MainThread]: STDOUT: "b"usage: git [--version] [--help] [-C <path>] [-c <name>=<value>]\n           [--exec-path[=<path>]] [--html-path] [--man-path] [--info-path]\n           [-p | --paginate | -P | --no-pager] [--no-replace-objects] [--bare]\n           [--git-dir=<path>] [--work-tree=<path>] [--namespace=<name>]\n           <command> [<args>]\n\nThese are common Git commands used in various situations:\n\nstart a working area (see also: git help tutorial)\n   clone             Clone a repository into a new directory\n   init              Create an empty Git repository or reinitialize an existing one\n\nwork on the current change (see also: git help everyday)\n   add               Add file contents to the index\n   mv                Move or rename a file, a directory, or a symlink\n   restore           Restore working tree files\n   rm                Remove files from the working tree and from the index\n   sparse-checkout   Initialize and modify the sparse-checkout\n\nexamine the history and state (see also: git help revisions)\n   bisect            Use binary search to find the commit that introduced a bug\n   diff              Show changes between commits, commit and working tree, etc\n   grep              Print lines matching a pattern\n   log               Show commit logs\n   show              Show various types of objects\n   status            Show the working tree status\n\ngrow, mark and tweak your common history\n   branch            List, create, or delete branches\n   commit            Record changes to the repository\n   merge             Join two or more development histories together\n   rebase            Reapply commits on top of another base tip\n   reset             Reset current HEAD to the specified state\n   switch            Switch branches\n   tag               Create, list, delete or verify a tag object signed with GPG\n\ncollaborate (see also: git help workflows)\n   fetch             Download objects and refs from another repository\n   pull              Fetch from and integrate with another repository or a local branch\n   push              Update remote refs along with associated objects\n\n'git help -a' and 'git help -g' list available subcommands and some\nconcept guides. See 'git help <command>' or 'git help <concept>'\nto read about a specific subcommand or concept.\nSee 'git help git' for an overview of the system.\n""
[0m22:36:19.724158 [debug] [MainThread]: STDERR: "b''"
[0m22:36:19.725149 [info ] [MainThread]:  - git [[32mOK found[0m]

[0m22:36:19.726226 [info ] [MainThread]: Connection:
[0m22:36:19.727784 [info ] [MainThread]:   host: postgres
[0m22:36:19.729007 [info ] [MainThread]:   port: 5432
[0m22:36:19.730135 [info ] [MainThread]:   user: postgres
[0m22:36:19.731286 [info ] [MainThread]:   database: pipelinepulse
[0m22:36:19.732502 [info ] [MainThread]:   schema: public
[0m22:36:19.733581 [info ] [MainThread]:   connect_timeout: 10
[0m22:36:19.735163 [info ] [MainThread]:   role: None
[0m22:36:19.736495 [info ] [MainThread]:   search_path: None
[0m22:36:19.737553 [info ] [MainThread]:   keepalives_idle: 0
[0m22:36:19.738915 [info ] [MainThread]:   sslmode: None
[0m22:36:19.740521 [info ] [MainThread]:   sslcert: None
[0m22:36:19.741861 [info ] [MainThread]:   sslkey: None
[0m22:36:19.742935 [info ] [MainThread]:   sslrootcert: None
[0m22:36:19.744033 [info ] [MainThread]:   application_name: dbt
[0m22:36:19.745188 [info ] [MainThread]:   retries: 1
[0m22:36:19.746551 [info ] [MainThread]: Registered adapter: postgres=1.7.19
[0m22:36:19.748052 [debug] [MainThread]: Acquiring new postgres connection 'debug'
[0m22:36:19.749126 [debug] [MainThread]: Using postgres connection "debug"
[0m22:36:19.750340 [debug] [MainThread]: On debug: select 1 as id
[0m22:36:19.751208 [debug] [MainThread]: Opening a new connection, currently in state init
[0m22:36:19.776345 [debug] [MainThread]: SQL status: SELECT 1 in 0.0 seconds
[0m22:36:19.777823 [debug] [MainThread]: On debug: Close
[0m22:36:19.778856 [info ] [MainThread]:   Connection test: [[32mOK connection ok[0m]

[0m22:36:19.779994 [info ] [MainThread]: [32mAll checks passed![0m
[0m22:36:19.781798 [debug] [MainThread]: Resource report: {"command_name": "debug", "command_success": true, "command_wall_clock_time": 0.28515843, "process_user_time": 2.10597, "process_kernel_time": 0.199051, "process_mem_max_rss": "102140", "process_out_blocks": "1216", "process_in_blocks": "0"}
[0m22:36:19.782777 [debug] [MainThread]: Command `dbt debug` succeeded at 22:36:19.782658 after 0.29 seconds
[0m22:36:19.783500 [debug] [MainThread]: Connection 'debug' was properly closed.
[0m22:36:19.784258 [debug] [MainThread]: Sending event: {'category': 'dbt', 'action': 'invocation', 'label': 'end', 'context': [<snowplow_tracker.self_describing_json.SelfDescribingJson object at 0x79b374d2da90>, <snowplow_tracker.self_describing_json.SelfDescribingJson object at 0x79b374d6fb90>, <snowplow_tracker.self_describing_json.SelfDescribingJson object at 0x79b3736aa050>]}
[0m22:36:19.785227 [debug] [MainThread]: Flushing usage events
[0m22:36:31.335992 [debug] [MainThread]: Sending event: {'category': 'dbt', 'action': 'invocation', 'label': 'start', 'context': [<snowplow_tracker.self_describing_json.SelfDescribingJson object at 0x7c78e3285c50>, <snowplow_tracker.self_describing_json.SelfDescribingJson object at 0x7c78e3f11090>, <snowplow_tracker.self_describing_json.SelfDescribingJson object at 0x7c78e3284fd0>]}


============================== 22:36:31.344163 | 930fc4bc-a84a-4f59-8fff-5c0c601b5d8f ==============================
[0m22:36:31.344163 [info ] [MainThread]: Running with dbt=1.7.19
[0m22:36:31.345541 [debug] [MainThread]: running dbt with arguments {'printer_width': '80', 'indirect_selection': 'eager', 'log_cache_events': 'False', 'write_json': 'True', 'partial_parse': 'True', 'cache_selected_only': 'False', 'profiles_dir': '/usr/app', 'version_check': 'True', 'warn_error': 'None', 'log_path': '/usr/app/logs', 'fail_fast': 'False', 'debug': 'False', 'use_colors': 'True', 'use_experimental_parser': 'False', 'no_print': 'None', 'quiet': 'False', 'log_format': 'default', 'introspect': 'True', 'warn_error_options': 'WarnErrorOptions(include=[], exclude=[])', 'invocation_command': 'dbt run', 'target_path': 'None', 'static_parser': 'True', 'send_anonymous_usage_stats': 'True'}
[0m22:36:31.481662 [debug] [MainThread]: Sending event: {'category': 'dbt', 'action': 'project_id', 'label': '930fc4bc-a84a-4f59-8fff-5c0c601b5d8f', 'context': [<snowplow_tracker.self_describing_json.SelfDescribingJson object at 0x7c78e1becd90>]}
[0m22:36:31.541587 [debug] [MainThread]: Sending event: {'category': 'dbt', 'action': 'adapter_info', 'label': '930fc4bc-a84a-4f59-8fff-5c0c601b5d8f', 'context': [<snowplow_tracker.self_describing_json.SelfDescribingJson object at 0x7c78e32ae810>]}
[0m22:36:31.543268 [info ] [MainThread]: Registered adapter: postgres=1.7.19
[0m22:36:31.551404 [debug] [MainThread]: checksum: a8d43cdff37d0f32d7fbe4c5c25bea4bb6c86e162f8ce8fdb1a38cdcf7495431, vars: {}, profile: , target: , version: 1.7.19
[0m22:36:31.554578 [info ] [MainThread]: Unable to do partial parsing because saved manifest not found. Starting full parse.
[0m22:36:31.555565 [debug] [MainThread]: Sending event: {'category': 'dbt', 'action': 'partial_parser', 'label': '930fc4bc-a84a-4f59-8fff-5c0c601b5d8f', 'context': [<snowplow_tracker.self_describing_json.SelfDescribingJson object at 0x7c78e1a942d0>]}
[0m22:36:32.365412 [warn ] [MainThread]: [[33mWARNING[0m]: Did not find matching node for patch with name 'stg_commits' in the 'models' section of file 'models/staging/schema.yml'
[0m22:36:32.367602 [warn ] [MainThread]: [[33mWARNING[0m]: Did not find matching node for patch with name 'stg_prs' in the 'models' section of file 'models/staging/schema.yml'
[0m22:36:32.471431 [warn ] [MainThread]: [[33mWARNING[0m]: Test 'test.pipelinepulse.not_null_stg_commits_sha.23a9fe0ed4' (models/staging/schema.yml) depends on a node named 'stg_commits' in package '' which was not found
[0m22:36:32.472929 [warn ] [MainThread]: [[33mWARNING[0m]: Test 'test.pipelinepulse.unique_stg_commits_sha.a828dfe610' (models/staging/schema.yml) depends on a node named 'stg_commits' in package '' which was not found
[0m22:36:32.474493 [warn ] [MainThread]: [[33mWARNING[0m]: Test 'test.pipelinepulse.not_null_stg_prs_pr_id.dd60d3ed72' (models/staging/schema.yml) depends on a node named 'stg_prs' in package '' which was not found
[0m22:36:32.475914 [warn ] [MainThread]: [[33mWARNING[0m]: Test 'test.pipelinepulse.unique_stg_prs_pr_id.933aec65ba' (models/staging/schema.yml) depends on a node named 'stg_prs' in package '' which was not found
[0m22:36:32.550771 [warn ] [MainThread]: [[33mWARNING[0m]: Configuration paths exist in your dbt_project.yml file which do not apply to any resources.
There are 1 unused configuration paths:
- models.pipelinepulse.marts
[0m22:36:32.557209 [debug] [MainThread]: Sending event: {'category': 'dbt', 'action': 'load_project', 'label': '930fc4bc-a84a-4f59-8fff-5c0c601b5d8f', 'context': [<snowplow_tracker.self_describing_json.SelfDescribingJson object at 0x7c78e19de9d0>]}
[0m22:36:32.600080 [debug] [MainThread]: Sending event: {'category': 'dbt', 'action': 'resource_counts', 'label': '930fc4bc-a84a-4f59-8fff-5c0c601b5d8f', 'context': [<snowplow_tracker.self_describing_json.SelfDescribingJson object at 0x7c78e062fc90>]}
[0m22:36:32.601504 [info ] [MainThread]: Found 2 models, 6 tests, 0 sources, 0 exposures, 0 metrics, 401 macros, 0 groups, 0 semantic models
[0m22:36:32.602983 [debug] [MainThread]: Sending event: {'category': 'dbt', 'action': 'runnable_timing', 'label': '930fc4bc-a84a-4f59-8fff-5c0c601b5d8f', 'context': [<snowplow_tracker.self_describing_json.SelfDescribingJson object at 0x7c78e1b974d0>]}
[0m22:36:32.606096 [info ] [MainThread]: 
[0m22:36:32.608535 [debug] [MainThread]: Acquiring new postgres connection 'master'
[0m22:36:32.612272 [debug] [ThreadPool]: Acquiring new postgres connection 'list_pipelinepulse'
[0m22:36:32.629125 [debug] [ThreadPool]: Using postgres connection "list_pipelinepulse"
[0m22:36:32.630191 [debug] [ThreadPool]: On list_pipelinepulse: /* {"app": "dbt", "dbt_version": "1.7.19", "profile_name": "pipelinepulse", "target_name": "dev", "connection_name": "list_pipelinepulse"} */

    select distinct nspname from pg_namespace
  
[0m22:36:32.631122 [debug] [ThreadPool]: Opening a new connection, currently in state init
[0m22:36:32.662586 [debug] [ThreadPool]: SQL status: SELECT 8 in 0.0 seconds
[0m22:36:32.665575 [debug] [ThreadPool]: On list_pipelinepulse: Close
[0m22:36:32.668121 [debug] [ThreadPool]: Re-using an available connection from the pool (formerly list_pipelinepulse, now create_pipelinepulse_public_silver)
[0m22:36:32.669896 [debug] [ThreadPool]: Creating schema "database: "pipelinepulse"
schema: "public_silver"
"
[0m22:36:32.677819 [debug] [ThreadPool]: Using postgres connection "create_pipelinepulse_public_silver"
[0m22:36:32.678584 [debug] [ThreadPool]: On create_pipelinepulse_public_silver: BEGIN
[0m22:36:32.679382 [debug] [ThreadPool]: Opening a new connection, currently in state closed
[0m22:36:32.691360 [debug] [ThreadPool]: SQL status: BEGIN in 0.0 seconds
[0m22:36:32.692347 [debug] [ThreadPool]: Using postgres connection "create_pipelinepulse_public_silver"
[0m22:36:32.693172 [debug] [ThreadPool]: On create_pipelinepulse_public_silver: /* {"app": "dbt", "dbt_version": "1.7.19", "profile_name": "pipelinepulse", "target_name": "dev", "connection_name": "create_pipelinepulse_public_silver"} */
create schema if not exists "public_silver"
[0m22:36:32.697743 [debug] [ThreadPool]: SQL status: CREATE SCHEMA in 0.0 seconds
[0m22:36:32.699235 [debug] [ThreadPool]: On create_pipelinepulse_public_silver: COMMIT
[0m22:36:32.700344 [debug] [ThreadPool]: Using postgres connection "create_pipelinepulse_public_silver"
[0m22:36:32.701142 [debug] [ThreadPool]: On create_pipelinepulse_public_silver: COMMIT
[0m22:36:32.703901 [debug] [ThreadPool]: SQL status: COMMIT in 0.0 seconds
[0m22:36:32.704852 [debug] [ThreadPool]: On create_pipelinepulse_public_silver: Close
[0m22:36:32.708249 [debug] [ThreadPool]: Re-using an available connection from the pool (formerly create_pipelinepulse_public_silver, now list_pipelinepulse_public_silver)
[0m22:36:32.714740 [debug] [ThreadPool]: Using postgres connection "list_pipelinepulse_public_silver"
[0m22:36:32.715639 [debug] [ThreadPool]: On list_pipelinepulse_public_silver: BEGIN
[0m22:36:32.716392 [debug] [ThreadPool]: Opening a new connection, currently in state closed
[0m22:36:32.724718 [debug] [ThreadPool]: SQL status: BEGIN in 0.0 seconds
[0m22:36:32.725631 [debug] [ThreadPool]: Using postgres connection "list_pipelinepulse_public_silver"
[0m22:36:32.726395 [debug] [ThreadPool]: On list_pipelinepulse_public_silver: /* {"app": "dbt", "dbt_version": "1.7.19", "profile_name": "pipelinepulse", "target_name": "dev", "connection_name": "list_pipelinepulse_public_silver"} */
select
      'pipelinepulse' as database,
      tablename as name,
      schemaname as schema,
      'table' as type
    from pg_tables
    where schemaname ilike 'public_silver'
    union all
    select
      'pipelinepulse' as database,
      viewname as name,
      schemaname as schema,
      'view' as type
    from pg_views
    where schemaname ilike 'public_silver'
    union all
    select
      'pipelinepulse' as database,
      matviewname as name,
      schemaname as schema,
      'materialized_view' as type
    from pg_matviews
    where schemaname ilike 'public_silver'
  
[0m22:36:32.743980 [debug] [ThreadPool]: SQL status: SELECT 0 in 0.0 seconds
[0m22:36:32.746505 [debug] [ThreadPool]: On list_pipelinepulse_public_silver: ROLLBACK
[0m22:36:32.747823 [debug] [ThreadPool]: On list_pipelinepulse_public_silver: Close
[0m22:36:32.754349 [debug] [MainThread]: Using postgres connection "master"
[0m22:36:32.755427 [debug] [MainThread]: On master: BEGIN
[0m22:36:32.756229 [debug] [MainThread]: Opening a new connection, currently in state init
[0m22:36:32.765584 [debug] [MainThread]: SQL status: BEGIN in 0.0 seconds
[0m22:36:32.766568 [debug] [MainThread]: Using postgres connection "master"
[0m22:36:32.767390 [debug] [MainThread]: On master: /* {"app": "dbt", "dbt_version": "1.7.19", "profile_name": "pipelinepulse", "target_name": "dev", "connection_name": "master"} */
with relation as (
        select
            pg_rewrite.ev_class as class,
            pg_rewrite.oid as id
        from pg_rewrite
    ),
    class as (
        select
            oid as id,
            relname as name,
            relnamespace as schema,
            relkind as kind
        from pg_class
    ),
    dependency as (
        select distinct
            pg_depend.objid as id,
            pg_depend.refobjid as ref
        from pg_depend
    ),
    schema as (
        select
            pg_namespace.oid as id,
            pg_namespace.nspname as name
        from pg_namespace
        where nspname != 'information_schema' and nspname not like 'pg\_%'
    ),
    referenced as (
        select
            relation.id AS id,
            referenced_class.name ,
            referenced_class.schema ,
            referenced_class.kind
        from relation
        join class as referenced_class on relation.class=referenced_class.id
        where referenced_class.kind in ('r', 'v', 'm')
    ),
    relationships as (
        select
            referenced.name as referenced_name,
            referenced.schema as referenced_schema_id,
            dependent_class.name as dependent_name,
            dependent_class.schema as dependent_schema_id,
            referenced.kind as kind
        from referenced
        join dependency on referenced.id=dependency.id
        join class as dependent_class on dependency.ref=dependent_class.id
        where
            (referenced.name != dependent_class.name or
             referenced.schema != dependent_class.schema)
    )

    select
        referenced_schema.name as referenced_schema,
        relationships.referenced_name as referenced_name,
        dependent_schema.name as dependent_schema,
        relationships.dependent_name as dependent_name
    from relationships
    join schema as dependent_schema on relationships.dependent_schema_id=dependent_schema.id
    join schema as referenced_schema on relationships.referenced_schema_id=referenced_schema.id
    group by referenced_schema, referenced_name, dependent_schema, dependent_name
    order by referenced_schema, referenced_name, dependent_schema, dependent_name;
[0m22:36:32.784931 [debug] [MainThread]: SQL status: SELECT 0 in 0.0 seconds
[0m22:36:32.786464 [debug] [MainThread]: Sending event: {'category': 'dbt', 'action': 'runnable_timing', 'label': '930fc4bc-a84a-4f59-8fff-5c0c601b5d8f', 'context': [<snowplow_tracker.self_describing_json.SelfDescribingJson object at 0x7c78e078ab90>]}
[0m22:36:32.787258 [debug] [MainThread]: On master: ROLLBACK
[0m22:36:32.788052 [debug] [MainThread]: Using postgres connection "master"
[0m22:36:32.788713 [debug] [MainThread]: On master: BEGIN
[0m22:36:32.789642 [debug] [MainThread]: SQL status: BEGIN in 0.0 seconds
[0m22:36:32.790584 [debug] [MainThread]: On master: COMMIT
[0m22:36:32.791388 [debug] [MainThread]: Using postgres connection "master"
[0m22:36:32.792077 [debug] [MainThread]: On master: COMMIT
[0m22:36:32.792908 [debug] [MainThread]: SQL status: COMMIT in 0.0 seconds
[0m22:36:32.793612 [debug] [MainThread]: On master: Close
[0m22:36:32.794676 [info ] [MainThread]: Concurrency: 4 threads (target='dev')
[0m22:36:32.795862 [info ] [MainThread]: 
[0m22:36:32.804822 [debug] [Thread-1 (]: Began running node model.pipelinepulse.stg_orders
[0m22:36:32.805266 [debug] [Thread-2 (]: Began running node model.pipelinepulse.stg_users
[0m22:36:32.806150 [info ] [Thread-1 (]: 1 of 2 START sql view model public_silver.stg_orders ........................... [RUN]
[0m22:36:32.807603 [info ] [Thread-2 (]: 2 of 2 START sql view model public_silver.stg_users ............................ [RUN]
[0m22:36:32.809308 [debug] [Thread-1 (]: Re-using an available connection from the pool (formerly list_pipelinepulse_public_silver, now model.pipelinepulse.stg_orders)
[0m22:36:32.810858 [debug] [Thread-2 (]: Acquiring new postgres connection 'model.pipelinepulse.stg_users'
[0m22:36:32.811893 [debug] [Thread-1 (]: Began compiling node model.pipelinepulse.stg_orders
[0m22:36:32.812861 [debug] [Thread-2 (]: Began compiling node model.pipelinepulse.stg_users
[0m22:36:32.820059 [debug] [Thread-1 (]: Writing injected SQL for node "model.pipelinepulse.stg_orders"
[0m22:36:32.822935 [debug] [Thread-2 (]: Writing injected SQL for node "model.pipelinepulse.stg_users"
[0m22:36:32.837187 [debug] [Thread-1 (]: Timing info for model.pipelinepulse.stg_orders (compile): 22:36:32.813601 => 22:36:32.836814
[0m22:36:32.838327 [debug] [Thread-1 (]: Began executing node model.pipelinepulse.stg_orders
[0m22:36:32.839642 [debug] [Thread-2 (]: Timing info for model.pipelinepulse.stg_users (compile): 22:36:32.820760 => 22:36:32.839250
[0m22:36:32.861855 [debug] [Thread-2 (]: Began executing node model.pipelinepulse.stg_users
[0m22:36:32.877063 [debug] [Thread-1 (]: Writing runtime sql for node "model.pipelinepulse.stg_orders"
[0m22:36:32.881678 [debug] [Thread-2 (]: Writing runtime sql for node "model.pipelinepulse.stg_users"
[0m22:36:32.894173 [debug] [Thread-1 (]: Using postgres connection "model.pipelinepulse.stg_orders"
[0m22:36:32.895723 [debug] [Thread-1 (]: On model.pipelinepulse.stg_orders: BEGIN
[0m22:36:32.897005 [debug] [Thread-2 (]: Using postgres connection "model.pipelinepulse.stg_users"
[0m22:36:32.897656 [debug] [Thread-1 (]: Opening a new connection, currently in state closed
[0m22:36:32.898914 [debug] [Thread-2 (]: On model.pipelinepulse.stg_users: BEGIN
[0m22:36:32.901103 [debug] [Thread-2 (]: Opening a new connection, currently in state init
[0m22:36:32.910263 [debug] [Thread-1 (]: SQL status: BEGIN in 0.0 seconds
[0m22:36:32.911728 [debug] [Thread-1 (]: Using postgres connection "model.pipelinepulse.stg_orders"
[0m22:36:32.912652 [debug] [Thread-2 (]: SQL status: BEGIN in 0.0 seconds
[0m22:36:32.913090 [debug] [Thread-1 (]: On model.pipelinepulse.stg_orders: /* {"app": "dbt", "dbt_version": "1.7.19", "profile_name": "pipelinepulse", "target_name": "dev", "node_id": "model.pipelinepulse.stg_orders"} */

  create view "pipelinepulse"."public_silver"."stg_orders__dbt_tmp"
    
    
  as (
    
SELECT 
    payload->>'order_id' AS order_id,
    payload->>'user_id' AS user_id,
    (payload->>'amount')::numeric AS amount,
    payload->>'status' AS status,
    (payload->>'created_at')::timestamptz AS created_at,
    CURRENT_TIMESTAMP AS dbt_updated_at
FROM bronze.raw_orders
WHERE (payload->>'amount')::numeric > 0 
  AND payload->>'order_id' IS NOT NULL
  );
[0m22:36:32.914349 [debug] [Thread-2 (]: Using postgres connection "model.pipelinepulse.stg_users"
[0m22:36:32.916032 [debug] [Thread-2 (]: On model.pipelinepulse.stg_users: /* {"app": "dbt", "dbt_version": "1.7.19", "profile_name": "pipelinepulse", "target_name": "dev", "node_id": "model.pipelinepulse.stg_users"} */

  create view "pipelinepulse"."public_silver"."stg_users__dbt_tmp"
    
    
  as (
    
WITH deduped AS (
    SELECT 
        payload->>'user_id' AS user_id,
        payload->>'country' AS country,
        payload->>'plan' AS plan,
        (payload->>'created_at')::timestamptz AS created_at,
        ROW_NUMBER() OVER(PARTITION BY payload->>'user_id' ORDER BY ingested_at DESC) as rn
    FROM bronze.raw_users
)
SELECT 
    user_id,
    country,
    plan,
    created_at,
    CURRENT_TIMESTAMP AS dbt_updated_at
FROM deduped
WHERE rn = 1
  );
[0m22:36:32.931851 [debug] [Thread-1 (]: SQL status: CREATE VIEW in 0.0 seconds
[0m22:36:32.932798 [debug] [Thread-2 (]: SQL status: CREATE VIEW in 0.0 seconds
[0m22:36:32.940832 [debug] [Thread-1 (]: Using postgres connection "model.pipelinepulse.stg_orders"
[0m22:36:32.944913 [debug] [Thread-2 (]: Using postgres connection "model.pipelinepulse.stg_users"
[0m22:36:32.946272 [debug] [Thread-1 (]: On model.pipelinepulse.stg_orders: /* {"app": "dbt", "dbt_version": "1.7.19", "profile_name": "pipelinepulse", "target_name": "dev", "node_id": "model.pipelinepulse.stg_orders"} */
alter table "pipelinepulse"."public_silver"."stg_orders__dbt_tmp" rename to "stg_orders"
[0m22:36:32.947569 [debug] [Thread-2 (]: On model.pipelinepulse.stg_users: /* {"app": "dbt", "dbt_version": "1.7.19", "profile_name": "pipelinepulse", "target_name": "dev", "node_id": "model.pipelinepulse.stg_users"} */
alter table "pipelinepulse"."public_silver"."stg_users__dbt_tmp" rename to "stg_users"
[0m22:36:32.949552 [debug] [Thread-1 (]: SQL status: ALTER TABLE in 0.0 seconds
[0m22:36:32.949939 [debug] [Thread-2 (]: SQL status: ALTER TABLE in 0.0 seconds
[0m22:36:32.965878 [debug] [Thread-1 (]: On model.pipelinepulse.stg_orders: COMMIT
[0m22:36:32.967861 [debug] [Thread-2 (]: On model.pipelinepulse.stg_users: COMMIT
[0m22:36:32.968933 [debug] [Thread-1 (]: Using postgres connection "model.pipelinepulse.stg_orders"
[0m22:36:32.969850 [debug] [Thread-2 (]: Using postgres connection "model.pipelinepulse.stg_users"
[0m22:36:32.970631 [debug] [Thread-1 (]: On model.pipelinepulse.stg_orders: COMMIT
[0m22:36:32.971351 [debug] [Thread-2 (]: On model.pipelinepulse.stg_users: COMMIT
[0m22:36:32.975029 [debug] [Thread-1 (]: SQL status: COMMIT in 0.0 seconds
[0m22:36:32.981762 [debug] [Thread-2 (]: SQL status: COMMIT in 0.0 seconds
[0m22:36:32.982295 [debug] [Thread-1 (]: Applying DROP to: "pipelinepulse"."public_silver"."stg_orders__dbt_backup"
[0m22:36:32.985069 [debug] [Thread-2 (]: Applying DROP to: "pipelinepulse"."public_silver"."stg_users__dbt_backup"
[0m22:36:32.990858 [debug] [Thread-1 (]: Using postgres connection "model.pipelinepulse.stg_orders"
[0m22:36:32.992493 [debug] [Thread-2 (]: Using postgres connection "model.pipelinepulse.stg_users"
[0m22:36:32.994310 [debug] [Thread-1 (]: On model.pipelinepulse.stg_orders: /* {"app": "dbt", "dbt_version": "1.7.19", "profile_name": "pipelinepulse", "target_name": "dev", "node_id": "model.pipelinepulse.stg_orders"} */
drop view if exists "pipelinepulse"."public_silver"."stg_orders__dbt_backup" cascade
[0m22:36:32.995691 [debug] [Thread-2 (]: On model.pipelinepulse.stg_users: /* {"app": "dbt", "dbt_version": "1.7.19", "profile_name": "pipelinepulse", "target_name": "dev", "node_id": "model.pipelinepulse.stg_users"} */
drop view if exists "pipelinepulse"."public_silver"."stg_users__dbt_backup" cascade
[0m22:36:32.997606 [debug] [Thread-1 (]: SQL status: DROP VIEW in 0.0 seconds
[0m22:36:32.998400 [debug] [Thread-2 (]: SQL status: DROP VIEW in 0.0 seconds
[0m22:36:33.000255 [debug] [Thread-1 (]: Timing info for model.pipelinepulse.stg_orders (execute): 22:36:32.839968 => 22:36:33.000010
[0m22:36:33.002167 [debug] [Thread-2 (]: Timing info for model.pipelinepulse.stg_users (execute): 22:36:32.877749 => 22:36:33.001984
[0m22:36:33.003034 [debug] [Thread-1 (]: On model.pipelinepulse.stg_orders: Close
[0m22:36:33.003899 [debug] [Thread-2 (]: On model.pipelinepulse.stg_users: Close
[0m22:36:33.005192 [debug] [Thread-1 (]: Sending event: {'category': 'dbt', 'action': 'run_model', 'label': '930fc4bc-a84a-4f59-8fff-5c0c601b5d8f', 'context': [<snowplow_tracker.self_describing_json.SelfDescribingJson object at 0x7c78e1adb790>]}
[0m22:36:33.008025 [debug] [Thread-2 (]: Sending event: {'category': 'dbt', 'action': 'run_model', 'label': '930fc4bc-a84a-4f59-8fff-5c0c601b5d8f', 'context': [<snowplow_tracker.self_describing_json.SelfDescribingJson object at 0x7c78e1922e10>]}
[0m22:36:33.011162 [info ] [Thread-1 (]: 1 of 2 OK created sql view model public_silver.stg_orders ...................... [[32mCREATE VIEW[0m in 0.20s]
[0m22:36:33.012995 [info ] [Thread-2 (]: 2 of 2 OK created sql view model public_silver.stg_users ....................... [[32mCREATE VIEW[0m in 0.20s]
[0m22:36:33.014999 [debug] [Thread-1 (]: Finished running node model.pipelinepulse.stg_orders
[0m22:36:33.016329 [debug] [Thread-2 (]: Finished running node model.pipelinepulse.stg_users
[0m22:36:33.020057 [debug] [MainThread]: Using postgres connection "master"
[0m22:36:33.020951 [debug] [MainThread]: On master: BEGIN
[0m22:36:33.021693 [debug] [MainThread]: Opening a new connection, currently in state closed
[0m22:36:33.031179 [debug] [MainThread]: SQL status: BEGIN in 0.0 seconds
[0m22:36:33.032118 [debug] [MainThread]: On master: COMMIT
[0m22:36:33.033067 [debug] [MainThread]: Using postgres connection "master"
[0m22:36:33.034140 [debug] [MainThread]: On master: COMMIT
[0m22:36:33.035300 [debug] [MainThread]: SQL status: COMMIT in 0.0 seconds
[0m22:36:33.036015 [debug] [MainThread]: On master: Close
[0m22:36:33.037252 [debug] [MainThread]: Connection 'master' was properly closed.
[0m22:36:33.038143 [debug] [MainThread]: Connection 'model.pipelinepulse.stg_orders' was properly closed.
[0m22:36:33.039192 [debug] [MainThread]: Connection 'model.pipelinepulse.stg_users' was properly closed.
[0m22:36:33.040023 [info ] [MainThread]: 
[0m22:36:33.041683 [info ] [MainThread]: Finished running 2 view models in 0 hours 0 minutes and 0.43 seconds (0.43s).
[0m22:36:33.043872 [debug] [MainThread]: Command end result
[0m22:36:33.071304 [info ] [MainThread]: 
[0m22:36:33.072988 [info ] [MainThread]: [32mCompleted successfully[0m
[0m22:36:33.075520 [info ] [MainThread]: 
[0m22:36:33.077520 [info ] [MainThread]: Done. PASS=2 WARN=0 ERROR=0 SKIP=0 TOTAL=2
[0m22:36:33.080460 [debug] [MainThread]: Resource report: {"command_name": "run", "command_success": true, "command_wall_clock_time": 1.8012065, "process_user_time": 3.571297, "process_kernel_time": 0.323175, "process_mem_max_rss": "114660", "process_out_blocks": "1312", "process_in_blocks": "0"}
[0m22:36:33.081879 [debug] [MainThread]: Command `dbt run` succeeded at 22:36:33.081655 after 1.80 seconds
[0m22:36:33.082877 [debug] [MainThread]: Sending event: {'category': 'dbt', 'action': 'invocation', 'label': 'end', 'context': [<snowplow_tracker.self_describing_json.SelfDescribingJson object at 0x7c78e32ad3d0>, <snowplow_tracker.self_describing_json.SelfDescribingJson object at 0x7c78e32ac410>, <snowplow_tracker.self_describing_json.SelfDescribingJson object at 0x7c78e7264590>]}
[0m22:36:33.084068 [debug] [MainThread]: Flushing usage events
[0m22:36:45.975542 [debug] [MainThread]: Sending event: {'category': 'dbt', 'action': 'invocation', 'label': 'start', 'context': [<snowplow_tracker.self_describing_json.SelfDescribingJson object at 0x7f934b77b8d0>, <snowplow_tracker.self_describing_json.SelfDescribingJson object at 0x7f934b7aa5d0>, <snowplow_tracker.self_describing_json.SelfDescribingJson object at 0x7f934d055810>]}


============================== 22:36:45.982150 | eae9a82f-354b-46e3-9694-563e14aac670 ==============================
[0m22:36:45.982150 [info ] [MainThread]: Running with dbt=1.7.19
[0m22:36:45.983335 [debug] [MainThread]: running dbt with arguments {'printer_width': '80', 'indirect_selection': 'eager', 'write_json': 'True', 'log_cache_events': 'False', 'partial_parse': 'True', 'cache_selected_only': 'False', 'profiles_dir': '/usr/app', 'fail_fast': 'False', 'version_check': 'True', 'log_path': '/usr/app/logs', 'warn_error': 'None', 'debug': 'False', 'use_colors': 'True', 'use_experimental_parser': 'False', 'no_print': 'None', 'quiet': 'False', 'log_format': 'default', 'introspect': 'True', 'warn_error_options': 'WarnErrorOptions(include=[], exclude=[])', 'invocation_command': 'dbt test', 'target_path': 'None', 'static_parser': 'True', 'send_anonymous_usage_stats': 'True'}
[0m22:36:46.150179 [debug] [MainThread]: Sending event: {'category': 'dbt', 'action': 'project_id', 'label': 'eae9a82f-354b-46e3-9694-563e14aac670', 'context': [<snowplow_tracker.self_describing_json.SelfDescribingJson object at 0x7f934a06c210>]}
[0m22:36:46.215926 [debug] [MainThread]: Sending event: {'category': 'dbt', 'action': 'adapter_info', 'label': 'eae9a82f-354b-46e3-9694-563e14aac670', 'context': [<snowplow_tracker.self_describing_json.SelfDescribingJson object at 0x7f934b78fa50>]}
[0m22:36:46.217259 [info ] [MainThread]: Registered adapter: postgres=1.7.19
[0m22:36:46.231942 [debug] [MainThread]: checksum: a8d43cdff37d0f32d7fbe4c5c25bea4bb6c86e162f8ce8fdb1a38cdcf7495431, vars: {}, profile: , target: , version: 1.7.19
[0m22:36:46.343141 [debug] [MainThread]: Partial parsing enabled: 0 files deleted, 0 files added, 0 files changed.
[0m22:36:46.344372 [debug] [MainThread]: Partial parsing enabled, no changes found, skipping parsing
[0m22:36:46.345568 [warn ] [MainThread]: [[33mWARNING[0m]: Configuration paths exist in your dbt_project.yml file which do not apply to any resources.
There are 1 unused configuration paths:
- models.pipelinepulse.marts
[0m22:36:46.351857 [debug] [MainThread]: Sending event: {'category': 'dbt', 'action': 'load_project', 'label': 'eae9a82f-354b-46e3-9694-563e14aac670', 'context': [<snowplow_tracker.self_describing_json.SelfDescribingJson object at 0x7f9349e31d90>]}
[0m22:36:46.385812 [debug] [MainThread]: Sending event: {'category': 'dbt', 'action': 'resource_counts', 'label': 'eae9a82f-354b-46e3-9694-563e14aac670', 'context': [<snowplow_tracker.self_describing_json.SelfDescribingJson object at 0x7f9349f45a10>]}
[0m22:36:46.387671 [info ] [MainThread]: Found 2 models, 6 tests, 0 sources, 0 exposures, 0 metrics, 401 macros, 0 groups, 0 semantic models
[0m22:36:46.389541 [debug] [MainThread]: Sending event: {'category': 'dbt', 'action': 'runnable_timing', 'label': 'eae9a82f-354b-46e3-9694-563e14aac670', 'context': [<snowplow_tracker.self_describing_json.SelfDescribingJson object at 0x7f9349f94050>]}
[0m22:36:46.393925 [info ] [MainThread]: 
[0m22:36:46.396085 [debug] [MainThread]: Acquiring new postgres connection 'master'
[0m22:36:46.399355 [debug] [ThreadPool]: Acquiring new postgres connection 'list_pipelinepulse_public_silver'
[0m22:36:46.414712 [debug] [ThreadPool]: Using postgres connection "list_pipelinepulse_public_silver"
[0m22:36:46.415688 [debug] [ThreadPool]: On list_pipelinepulse_public_silver: BEGIN
[0m22:36:46.417031 [debug] [ThreadPool]: Opening a new connection, currently in state init
[0m22:36:46.429027 [debug] [ThreadPool]: SQL status: BEGIN in 0.0 seconds
[0m22:36:46.430308 [debug] [ThreadPool]: Using postgres connection "list_pipelinepulse_public_silver"
[0m22:36:46.431356 [debug] [ThreadPool]: On list_pipelinepulse_public_silver: /* {"app": "dbt", "dbt_version": "1.7.19", "profile_name": "pipelinepulse", "target_name": "dev", "connection_name": "list_pipelinepulse_public_silver"} */
select
      'pipelinepulse' as database,
      tablename as name,
      schemaname as schema,
      'table' as type
    from pg_tables
    where schemaname ilike 'public_silver'
    union all
    select
      'pipelinepulse' as database,
      viewname as name,
      schemaname as schema,
      'view' as type
    from pg_views
    where schemaname ilike 'public_silver'
    union all
    select
      'pipelinepulse' as database,
      matviewname as name,
      schemaname as schema,
      'materialized_view' as type
    from pg_matviews
    where schemaname ilike 'public_silver'
  
[0m22:36:46.438739 [debug] [ThreadPool]: SQL status: SELECT 2 in 0.0 seconds
[0m22:36:46.441563 [debug] [ThreadPool]: On list_pipelinepulse_public_silver: ROLLBACK
[0m22:36:46.443332 [debug] [ThreadPool]: On list_pipelinepulse_public_silver: Close
[0m22:36:46.451189 [debug] [MainThread]: Using postgres connection "master"
[0m22:36:46.452236 [debug] [MainThread]: On master: BEGIN
[0m22:36:46.453058 [debug] [MainThread]: Opening a new connection, currently in state init
[0m22:36:46.463916 [debug] [MainThread]: SQL status: BEGIN in 0.0 seconds
[0m22:36:46.464905 [debug] [MainThread]: Using postgres connection "master"
[0m22:36:46.465763 [debug] [MainThread]: On master: /* {"app": "dbt", "dbt_version": "1.7.19", "profile_name": "pipelinepulse", "target_name": "dev", "connection_name": "master"} */
with relation as (
        select
            pg_rewrite.ev_class as class,
            pg_rewrite.oid as id
        from pg_rewrite
    ),
    class as (
        select
            oid as id,
            relname as name,
            relnamespace as schema,
            relkind as kind
        from pg_class
    ),
    dependency as (
        select distinct
            pg_depend.objid as id,
            pg_depend.refobjid as ref
        from pg_depend
    ),
    schema as (
        select
            pg_namespace.oid as id,
            pg_namespace.nspname as name
        from pg_namespace
        where nspname != 'information_schema' and nspname not like 'pg\_%'
    ),
    referenced as (
        select
            relation.id AS id,
            referenced_class.name ,
            referenced_class.schema ,
            referenced_class.kind
        from relation
        join class as referenced_class on relation.class=referenced_class.id
        where referenced_class.kind in ('r', 'v', 'm')
    ),
    relationships as (
        select
            referenced.name as referenced_name,
            referenced.schema as referenced_schema_id,
            dependent_class.name as dependent_name,
            dependent_class.schema as dependent_schema_id,
            referenced.kind as kind
        from referenced
        join dependency on referenced.id=dependency.id
        join class as dependent_class on dependency.ref=dependent_class.id
        where
            (referenced.name != dependent_class.name or
             referenced.schema != dependent_class.schema)
    )

    select
        referenced_schema.name as referenced_schema,
        relationships.referenced_name as referenced_name,
        dependent_schema.name as dependent_schema,
        relationships.dependent_name as dependent_name
    from relationships
    join schema as dependent_schema on relationships.dependent_schema_id=dependent_schema.id
    join schema as referenced_schema on relationships.referenced_schema_id=referenced_schema.id
    group by referenced_schema, referenced_name, dependent_schema, dependent_name
    order by referenced_schema, referenced_name, dependent_schema, dependent_name;
[0m22:36:46.482052 [debug] [MainThread]: SQL status: SELECT 2 in 0.0 seconds
[0m22:36:46.483733 [debug] [MainThread]: Sending event: {'category': 'dbt', 'action': 'runnable_timing', 'label': 'eae9a82f-354b-46e3-9694-563e14aac670', 'context': [<snowplow_tracker.self_describing_json.SelfDescribingJson object at 0x7f9349fa1d90>]}
[0m22:36:46.484904 [debug] [MainThread]: On master: ROLLBACK
[0m22:36:46.486117 [debug] [MainThread]: Using postgres connection "master"
[0m22:36:46.486991 [debug] [MainThread]: On master: BEGIN
[0m22:36:46.488040 [debug] [MainThread]: SQL status: BEGIN in 0.0 seconds
[0m22:36:46.489001 [debug] [MainThread]: On master: COMMIT
[0m22:36:46.489800 [debug] [MainThread]: Using postgres connection "master"
[0m22:36:46.490731 [debug] [MainThread]: On master: COMMIT
[0m22:36:46.492374 [debug] [MainThread]: SQL status: COMMIT in 0.0 seconds
[0m22:36:46.493577 [debug] [MainThread]: On master: Close
[0m22:36:46.495486 [info ] [MainThread]: Concurrency: 4 threads (target='dev')
[0m22:36:46.497068 [info ] [MainThread]: 
[0m22:36:46.508775 [debug] [Thread-1 (]: Began running node test.pipelinepulse.accepted_values_stg_orders_status__completed__pending__returned.028003970d
[0m22:36:46.510002 [debug] [Thread-2 (]: Began running node test.pipelinepulse.not_null_stg_orders_order_id.81cfe2fe64
[0m22:36:46.510624 [debug] [Thread-3 (]: Began running node test.pipelinepulse.not_null_stg_orders_user_id.7d129d0209
[0m22:36:46.511097 [debug] [Thread-4 (]: Began running node test.pipelinepulse.not_null_stg_users_user_id.980dfc1b77
[0m22:36:46.511837 [info ] [Thread-1 (]: 1 of 6 START test accepted_values_stg_orders_status__completed__pending__returned  [RUN]
[0m22:36:46.513069 [info ] [Thread-2 (]: 2 of 6 START test not_null_stg_orders_order_id ................................. [RUN]
[0m22:36:46.514648 [info ] [Thread-3 (]: 3 of 6 START test not_null_stg_orders_user_id .................................. [RUN]
[0m22:36:46.516210 [info ] [Thread-4 (]: 4 of 6 START test not_null_stg_users_user_id ................................... [RUN]
[0m22:36:46.518207 [debug] [Thread-1 (]: Re-using an available connection from the pool (formerly list_pipelinepulse_public_silver, now test.pipelinepulse.accepted_values_stg_orders_status__completed__pending__returned.028003970d)
[0m22:36:46.520035 [debug] [Thread-2 (]: Acquiring new postgres connection 'test.pipelinepulse.not_null_stg_orders_order_id.81cfe2fe64'
[0m22:36:46.521706 [debug] [Thread-3 (]: Acquiring new postgres connection 'test.pipelinepulse.not_null_stg_orders_user_id.7d129d0209'
[0m22:36:46.523142 [debug] [Thread-4 (]: Acquiring new postgres connection 'test.pipelinepulse.not_null_stg_users_user_id.980dfc1b77'
[0m22:36:46.524077 [debug] [Thread-1 (]: Began compiling node test.pipelinepulse.accepted_values_stg_orders_status__completed__pending__returned.028003970d
[0m22:36:46.525820 [debug] [Thread-2 (]: Began compiling node test.pipelinepulse.not_null_stg_orders_order_id.81cfe2fe64
[0m22:36:46.527233 [debug] [Thread-3 (]: Began compiling node test.pipelinepulse.not_null_stg_orders_user_id.7d129d0209
[0m22:36:46.528505 [debug] [Thread-4 (]: Began compiling node test.pipelinepulse.not_null_stg_users_user_id.980dfc1b77
[0m22:36:46.567125 [debug] [Thread-1 (]: Writing injected SQL for node "test.pipelinepulse.accepted_values_stg_orders_status__completed__pending__returned.028003970d"
[0m22:36:46.569616 [debug] [Thread-2 (]: Writing injected SQL for node "test.pipelinepulse.not_null_stg_orders_order_id.81cfe2fe64"
[0m22:36:46.575619 [debug] [Thread-3 (]: Writing injected SQL for node "test.pipelinepulse.not_null_stg_orders_user_id.7d129d0209"
[0m22:36:46.582637 [debug] [Thread-4 (]: Writing injected SQL for node "test.pipelinepulse.not_null_stg_users_user_id.980dfc1b77"
[0m22:36:46.593256 [debug] [Thread-4 (]: Timing info for test.pipelinepulse.not_null_stg_users_user_id.980dfc1b77 (compile): 22:36:46.577076 => 22:36:46.592745
[0m22:36:46.595252 [debug] [Thread-4 (]: Began executing node test.pipelinepulse.not_null_stg_users_user_id.980dfc1b77
[0m22:36:46.596061 [debug] [Thread-1 (]: Timing info for test.pipelinepulse.accepted_values_stg_orders_status__completed__pending__returned.028003970d (compile): 22:36:46.529629 => 22:36:46.595655
[0m22:36:46.603957 [debug] [Thread-2 (]: Timing info for test.pipelinepulse.not_null_stg_orders_order_id.81cfe2fe64 (compile): 22:36:46.551212 => 22:36:46.603472
[0m22:36:46.613376 [debug] [Thread-3 (]: Timing info for test.pipelinepulse.not_null_stg_orders_user_id.7d129d0209 (compile): 22:36:46.570296 => 22:36:46.612875
[0m22:36:46.614851 [debug] [Thread-1 (]: Began executing node test.pipelinepulse.accepted_values_stg_orders_status__completed__pending__returned.028003970d
[0m22:36:46.627156 [debug] [Thread-4 (]: Writing runtime sql for node "test.pipelinepulse.not_null_stg_users_user_id.980dfc1b77"
[0m22:36:46.627649 [debug] [Thread-2 (]: Began executing node test.pipelinepulse.not_null_stg_orders_order_id.81cfe2fe64
[0m22:36:46.628872 [debug] [Thread-3 (]: Began executing node test.pipelinepulse.not_null_stg_orders_user_id.7d129d0209
[0m22:36:46.632988 [debug] [Thread-1 (]: Writing runtime sql for node "test.pipelinepulse.accepted_values_stg_orders_status__completed__pending__returned.028003970d"
[0m22:36:46.639169 [debug] [Thread-2 (]: Writing runtime sql for node "test.pipelinepulse.not_null_stg_orders_order_id.81cfe2fe64"
[0m22:36:46.643086 [debug] [Thread-3 (]: Writing runtime sql for node "test.pipelinepulse.not_null_stg_orders_user_id.7d129d0209"
[0m22:36:46.649212 [debug] [Thread-4 (]: Using postgres connection "test.pipelinepulse.not_null_stg_users_user_id.980dfc1b77"
[0m22:36:46.650799 [debug] [Thread-4 (]: On test.pipelinepulse.not_null_stg_users_user_id.980dfc1b77: BEGIN
[0m22:36:46.651901 [debug] [Thread-1 (]: Using postgres connection "test.pipelinepulse.accepted_values_stg_orders_status__completed__pending__returned.028003970d"
[0m22:36:46.653113 [debug] [Thread-4 (]: Opening a new connection, currently in state init
[0m22:36:46.653814 [debug] [Thread-3 (]: Using postgres connection "test.pipelinepulse.not_null_stg_orders_user_id.7d129d0209"
[0m22:36:46.654575 [debug] [Thread-2 (]: Using postgres connection "test.pipelinepulse.not_null_stg_orders_order_id.81cfe2fe64"
[0m22:36:46.655394 [debug] [Thread-1 (]: On test.pipelinepulse.accepted_values_stg_orders_status__completed__pending__returned.028003970d: BEGIN
[0m22:36:46.657718 [debug] [Thread-3 (]: On test.pipelinepulse.not_null_stg_orders_user_id.7d129d0209: BEGIN
[0m22:36:46.661123 [debug] [Thread-2 (]: On test.pipelinepulse.not_null_stg_orders_order_id.81cfe2fe64: BEGIN
[0m22:36:46.662562 [debug] [Thread-1 (]: Opening a new connection, currently in state closed
[0m22:36:46.663965 [debug] [Thread-3 (]: Opening a new connection, currently in state init
[0m22:36:46.665254 [debug] [Thread-2 (]: Opening a new connection, currently in state init
[0m22:36:46.669167 [debug] [Thread-4 (]: SQL status: BEGIN in 0.0 seconds
[0m22:36:46.674955 [debug] [Thread-4 (]: Using postgres connection "test.pipelinepulse.not_null_stg_users_user_id.980dfc1b77"
[0m22:36:46.676398 [debug] [Thread-4 (]: On test.pipelinepulse.not_null_stg_users_user_id.980dfc1b77: /* {"app": "dbt", "dbt_version": "1.7.19", "profile_name": "pipelinepulse", "target_name": "dev", "node_id": "test.pipelinepulse.not_null_stg_users_user_id.980dfc1b77"} */
select
      count(*) as failures,
      count(*) != 0 as should_warn,
      count(*) != 0 as should_error
    from (
      
    
    



select user_id
from "pipelinepulse"."public_silver"."stg_users"
where user_id is null



      
    ) dbt_internal_test
[0m22:36:46.676944 [debug] [Thread-1 (]: SQL status: BEGIN in 0.0 seconds
[0m22:36:46.677852 [debug] [Thread-3 (]: SQL status: BEGIN in 0.0 seconds
[0m22:36:46.679623 [debug] [Thread-1 (]: Using postgres connection "test.pipelinepulse.accepted_values_stg_orders_status__completed__pending__returned.028003970d"
[0m22:36:46.680635 [debug] [Thread-2 (]: SQL status: BEGIN in 0.0 seconds
[0m22:36:46.681052 [debug] [Thread-3 (]: Using postgres connection "test.pipelinepulse.not_null_stg_orders_user_id.7d129d0209"
[0m22:36:46.682150 [debug] [Thread-1 (]: On test.pipelinepulse.accepted_values_stg_orders_status__completed__pending__returned.028003970d: /* {"app": "dbt", "dbt_version": "1.7.19", "profile_name": "pipelinepulse", "target_name": "dev", "node_id": "test.pipelinepulse.accepted_values_stg_orders_status__completed__pending__returned.028003970d"} */
select
      count(*) as failures,
      count(*) != 0 as should_warn,
      count(*) != 0 as should_error
    from (
      
    
    

with all_values as (

    select
        status as value_field,
        count(*) as n_records

    from "pipelinepulse"."public_silver"."stg_orders"
    group by status

)

select *
from all_values
where value_field not in (
    'completed','pending','returned'
)



      
    ) dbt_internal_test
[0m22:36:46.683275 [debug] [Thread-2 (]: Using postgres connection "test.pipelinepulse.not_null_stg_orders_order_id.81cfe2fe64"
[0m22:36:46.684559 [debug] [Thread-3 (]: On test.pipelinepulse.not_null_stg_orders_user_id.7d129d0209: /* {"app": "dbt", "dbt_version": "1.7.19", "profile_name": "pipelinepulse", "target_name": "dev", "node_id": "test.pipelinepulse.not_null_stg_orders_user_id.7d129d0209"} */
select
      count(*) as failures,
      count(*) != 0 as should_warn,
      count(*) != 0 as should_error
    from (
      
    
    



select user_id
from "pipelinepulse"."public_silver"."stg_orders"
where user_id is null



      
    ) dbt_internal_test
[0m22:36:46.685096 [debug] [Thread-4 (]: SQL status: SELECT 1 in 0.0 seconds
[0m22:36:46.686514 [debug] [Thread-2 (]: On test.pipelinepulse.not_null_stg_orders_order_id.81cfe2fe64: /* {"app": "dbt", "dbt_version": "1.7.19", "profile_name": "pipelinepulse", "target_name": "dev", "node_id": "test.pipelinepulse.not_null_stg_orders_order_id.81cfe2fe64"} */
select
      count(*) as failures,
      count(*) != 0 as should_warn,
      count(*) != 0 as should_error
    from (
      
    
    



select order_id
from "pipelinepulse"."public_silver"."stg_orders"
where order_id is null



      
    ) dbt_internal_test
[0m22:36:46.689661 [debug] [Thread-4 (]: Timing info for test.pipelinepulse.not_null_stg_users_user_id.980dfc1b77 (execute): 22:36:46.598278 => 22:36:46.689310
[0m22:36:46.690520 [debug] [Thread-3 (]: SQL status: SELECT 1 in 0.0 seconds
[0m22:36:46.691323 [debug] [Thread-1 (]: SQL status: SELECT 1 in 0.0 seconds
[0m22:36:46.692802 [debug] [Thread-4 (]: On test.pipelinepulse.not_null_stg_users_user_id.980dfc1b77: ROLLBACK
[0m22:36:46.694922 [debug] [Thread-3 (]: Timing info for test.pipelinepulse.not_null_stg_orders_user_id.7d129d0209 (execute): 22:36:46.640280 => 22:36:46.694663
[0m22:36:46.695314 [debug] [Thread-2 (]: SQL status: SELECT 1 in 0.0 seconds
[0m22:36:46.697003 [debug] [Thread-1 (]: Timing info for test.pipelinepulse.accepted_values_stg_orders_status__completed__pending__returned.028003970d (execute): 22:36:46.629825 => 22:36:46.696780
[0m22:36:46.698115 [debug] [Thread-4 (]: On test.pipelinepulse.not_null_stg_users_user_id.980dfc1b77: Close
[0m22:36:46.698635 [debug] [Thread-3 (]: On test.pipelinepulse.not_null_stg_orders_user_id.7d129d0209: ROLLBACK
[0m22:36:46.700448 [debug] [Thread-2 (]: Timing info for test.pipelinepulse.not_null_stg_orders_order_id.81cfe2fe64 (execute): 22:36:46.634906 => 22:36:46.700174
[0m22:36:46.701402 [debug] [Thread-1 (]: On test.pipelinepulse.accepted_values_stg_orders_status__completed__pending__returned.028003970d: ROLLBACK
[0m22:36:46.702877 [info ] [Thread-4 (]: 4 of 6 PASS not_null_stg_users_user_id ......................................... [[32mPASS[0m in 0.18s]
[0m22:36:46.704113 [debug] [Thread-3 (]: On test.pipelinepulse.not_null_stg_orders_user_id.7d129d0209: Close
[0m22:36:46.705108 [debug] [Thread-2 (]: On test.pipelinepulse.not_null_stg_orders_order_id.81cfe2fe64: ROLLBACK
[0m22:36:46.706456 [debug] [Thread-1 (]: On test.pipelinepulse.accepted_values_stg_orders_status__completed__pending__returned.028003970d: Close
[0m22:36:46.707298 [debug] [Thread-4 (]: Finished running node test.pipelinepulse.not_null_stg_users_user_id.980dfc1b77
[0m22:36:46.709350 [info ] [Thread-3 (]: 3 of 6 PASS not_null_stg_orders_user_id ........................................ [[32mPASS[0m in 0.19s]
[0m22:36:46.710711 [debug] [Thread-2 (]: On test.pipelinepulse.not_null_stg_orders_order_id.81cfe2fe64: Close
[0m22:36:46.712253 [info ] [Thread-1 (]: 1 of 6 PASS accepted_values_stg_orders_status__completed__pending__returned .... [[32mPASS[0m in 0.19s]
[0m22:36:46.713426 [debug] [Thread-4 (]: Began running node test.pipelinepulse.unique_stg_orders_order_id.e3b841c71a
[0m22:36:46.715023 [debug] [Thread-3 (]: Finished running node test.pipelinepulse.not_null_stg_orders_user_id.7d129d0209
[0m22:36:46.716645 [info ] [Thread-2 (]: 2 of 6 PASS not_null_stg_orders_order_id ....................................... [[32mPASS[0m in 0.20s]
[0m22:36:46.718097 [debug] [Thread-1 (]: Finished running node test.pipelinepulse.accepted_values_stg_orders_status__completed__pending__returned.028003970d
[0m22:36:46.719354 [info ] [Thread-4 (]: 5 of 6 START test unique_stg_orders_order_id ................................... [RUN]
[0m22:36:46.720706 [debug] [Thread-3 (]: Began running node test.pipelinepulse.unique_stg_users_user_id.c2ff477e6b
[0m22:36:46.721937 [debug] [Thread-2 (]: Finished running node test.pipelinepulse.not_null_stg_orders_order_id.81cfe2fe64
[0m22:36:46.723564 [debug] [Thread-4 (]: Re-using an available connection from the pool (formerly test.pipelinepulse.not_null_stg_users_user_id.980dfc1b77, now test.pipelinepulse.unique_stg_orders_order_id.e3b841c71a)
[0m22:36:46.724521 [info ] [Thread-3 (]: 6 of 6 START test unique_stg_users_user_id ..................................... [RUN]
[0m22:36:46.726792 [debug] [Thread-4 (]: Began compiling node test.pipelinepulse.unique_stg_orders_order_id.e3b841c71a
[0m22:36:46.728052 [debug] [Thread-3 (]: Re-using an available connection from the pool (formerly test.pipelinepulse.not_null_stg_orders_user_id.7d129d0209, now test.pipelinepulse.unique_stg_users_user_id.c2ff477e6b)
[0m22:36:46.735858 [debug] [Thread-4 (]: Writing injected SQL for node "test.pipelinepulse.unique_stg_orders_order_id.e3b841c71a"
[0m22:36:46.736902 [debug] [Thread-3 (]: Began compiling node test.pipelinepulse.unique_stg_users_user_id.c2ff477e6b
[0m22:36:46.744662 [debug] [Thread-3 (]: Writing injected SQL for node "test.pipelinepulse.unique_stg_users_user_id.c2ff477e6b"
[0m22:36:46.751679 [debug] [Thread-4 (]: Timing info for test.pipelinepulse.unique_stg_orders_order_id.e3b841c71a (compile): 22:36:46.728929 => 22:36:46.751206
[0m22:36:46.753081 [debug] [Thread-4 (]: Began executing node test.pipelinepulse.unique_stg_orders_order_id.e3b841c71a
[0m22:36:46.757267 [debug] [Thread-4 (]: Writing runtime sql for node "test.pipelinepulse.unique_stg_orders_order_id.e3b841c71a"
[0m22:36:46.758158 [debug] [Thread-3 (]: Timing info for test.pipelinepulse.unique_stg_users_user_id.c2ff477e6b (compile): 22:36:46.738891 => 22:36:46.757718
[0m22:36:46.760287 [debug] [Thread-3 (]: Began executing node test.pipelinepulse.unique_stg_users_user_id.c2ff477e6b
[0m22:36:46.765739 [debug] [Thread-3 (]: Writing runtime sql for node "test.pipelinepulse.unique_stg_users_user_id.c2ff477e6b"
[0m22:36:46.770620 [debug] [Thread-4 (]: Using postgres connection "test.pipelinepulse.unique_stg_orders_order_id.e3b841c71a"
[0m22:36:46.772395 [debug] [Thread-4 (]: On test.pipelinepulse.unique_stg_orders_order_id.e3b841c71a: BEGIN
[0m22:36:46.774511 [debug] [Thread-4 (]: Opening a new connection, currently in state closed
[0m22:36:46.775403 [debug] [Thread-3 (]: Using postgres connection "test.pipelinepulse.unique_stg_users_user_id.c2ff477e6b"
[0m22:36:46.779821 [debug] [Thread-3 (]: On test.pipelinepulse.unique_stg_users_user_id.c2ff477e6b: BEGIN
[0m22:36:46.781518 [debug] [Thread-3 (]: Opening a new connection, currently in state closed
[0m22:36:46.788204 [debug] [Thread-4 (]: SQL status: BEGIN in 0.0 seconds
[0m22:36:46.789777 [debug] [Thread-4 (]: Using postgres connection "test.pipelinepulse.unique_stg_orders_order_id.e3b841c71a"
[0m22:36:46.791930 [debug] [Thread-4 (]: On test.pipelinepulse.unique_stg_orders_order_id.e3b841c71a: /* {"app": "dbt", "dbt_version": "1.7.19", "profile_name": "pipelinepulse", "target_name": "dev", "node_id": "test.pipelinepulse.unique_stg_orders_order_id.e3b841c71a"} */
select
      count(*) as failures,
      count(*) != 0 as should_warn,
      count(*) != 0 as should_error
    from (
      
    
    

select
    order_id as unique_field,
    count(*) as n_records

from "pipelinepulse"."public_silver"."stg_orders"
where order_id is not null
group by order_id
having count(*) > 1



      
    ) dbt_internal_test
[0m22:36:46.792626 [debug] [Thread-3 (]: SQL status: BEGIN in 0.0 seconds
[0m22:36:46.794135 [debug] [Thread-3 (]: Using postgres connection "test.pipelinepulse.unique_stg_users_user_id.c2ff477e6b"
[0m22:36:46.795059 [debug] [Thread-3 (]: On test.pipelinepulse.unique_stg_users_user_id.c2ff477e6b: /* {"app": "dbt", "dbt_version": "1.7.19", "profile_name": "pipelinepulse", "target_name": "dev", "node_id": "test.pipelinepulse.unique_stg_users_user_id.c2ff477e6b"} */
select
      count(*) as failures,
      count(*) != 0 as should_warn,
      count(*) != 0 as should_error
    from (
      
    
    

select
    user_id as unique_field,
    count(*) as n_records

from "pipelinepulse"."public_silver"."stg_users"
where user_id is not null
group by user_id
having count(*) > 1



      
    ) dbt_internal_test
[0m22:36:46.796952 [debug] [Thread-4 (]: SQL status: SELECT 1 in 0.0 seconds
[0m22:36:46.799370 [debug] [Thread-4 (]: Timing info for test.pipelinepulse.unique_stg_orders_order_id.e3b841c71a (execute): 22:36:46.754226 => 22:36:46.799108
[0m22:36:46.800058 [debug] [Thread-3 (]: SQL status: SELECT 1 in 0.0 seconds
[0m22:36:46.801026 [debug] [Thread-4 (]: On test.pipelinepulse.unique_stg_orders_order_id.e3b841c71a: ROLLBACK
[0m22:36:46.802928 [debug] [Thread-3 (]: Timing info for test.pipelinepulse.unique_stg_users_user_id.c2ff477e6b (execute): 22:36:46.762030 => 22:36:46.802653
[0m22:36:46.804253 [debug] [Thread-4 (]: On test.pipelinepulse.unique_stg_orders_order_id.e3b841c71a: Close
[0m22:36:46.804942 [debug] [Thread-3 (]: On test.pipelinepulse.unique_stg_users_user_id.c2ff477e6b: ROLLBACK
[0m22:36:46.806699 [info ] [Thread-4 (]: 5 of 6 PASS unique_stg_orders_order_id ......................................... [[32mPASS[0m in 0.08s]
[0m22:36:46.808800 [debug] [Thread-3 (]: On test.pipelinepulse.unique_stg_users_user_id.c2ff477e6b: Close
[0m22:36:46.810137 [debug] [Thread-4 (]: Finished running node test.pipelinepulse.unique_stg_orders_order_id.e3b841c71a
[0m22:36:46.811640 [info ] [Thread-3 (]: 6 of 6 PASS unique_stg_users_user_id ........................................... [[32mPASS[0m in 0.08s]
[0m22:36:46.815017 [debug] [Thread-3 (]: Finished running node test.pipelinepulse.unique_stg_users_user_id.c2ff477e6b
[0m22:36:46.817531 [debug] [MainThread]: Using postgres connection "master"
[0m22:36:46.818318 [debug] [MainThread]: On master: BEGIN
[0m22:36:46.818989 [debug] [MainThread]: Opening a new connection, currently in state closed
[0m22:36:46.827791 [debug] [MainThread]: SQL status: BEGIN in 0.0 seconds
[0m22:36:46.828999 [debug] [MainThread]: On master: COMMIT
[0m22:36:46.830103 [debug] [MainThread]: Using postgres connection "master"
[0m22:36:46.830971 [debug] [MainThread]: On master: COMMIT
[0m22:36:46.832108 [debug] [MainThread]: SQL status: COMMIT in 0.0 seconds
[0m22:36:46.833012 [debug] [MainThread]: On master: Close
[0m22:36:46.834576 [debug] [MainThread]: Connection 'master' was properly closed.
[0m22:36:46.835898 [debug] [MainThread]: Connection 'test.pipelinepulse.accepted_values_stg_orders_status__completed__pending__returned.028003970d' was properly closed.
[0m22:36:46.836871 [debug] [MainThread]: Connection 'test.pipelinepulse.not_null_stg_orders_order_id.81cfe2fe64' was properly closed.
[0m22:36:46.838242 [debug] [MainThread]: Connection 'test.pipelinepulse.unique_stg_users_user_id.c2ff477e6b' was properly closed.
[0m22:36:46.839848 [debug] [MainThread]: Connection 'test.pipelinepulse.unique_stg_orders_order_id.e3b841c71a' was properly closed.
[0m22:36:46.840823 [info ] [MainThread]: 
[0m22:36:46.842302 [info ] [MainThread]: Finished running 6 tests in 0 hours 0 minutes and 0.45 seconds (0.45s).
[0m22:36:46.845390 [debug] [MainThread]: Command end result
[0m22:36:46.873132 [info ] [MainThread]: 
[0m22:36:46.876423 [info ] [MainThread]: [32mCompleted successfully[0m
[0m22:36:46.880505 [info ] [MainThread]: 
[0m22:36:46.882659 [info ] [MainThread]: Done. PASS=6 WARN=0 ERROR=0 SKIP=0 TOTAL=6
[0m22:36:46.885053 [debug] [MainThread]: Resource report: {"command_name": "test", "command_success": true, "command_wall_clock_time": 0.966208, "process_user_time": 2.936037, "process_kernel_time": 0.319134, "process_mem_max_rss": "110900", "process_out_blocks": "1312", "process_in_blocks": "0"}
[0m22:36:46.886767 [debug] [MainThread]: Command `dbt test` succeeded at 22:36:46.886561 after 0.97 seconds
[0m22:36:46.887682 [debug] [MainThread]: Sending event: {'category': 'dbt', 'action': 'invocation', 'label': 'end', 'context': [<snowplow_tracker.self_describing_json.SelfDescribingJson object at 0x7f934f73b410>, <snowplow_tracker.self_describing_json.SelfDescribingJson object at 0x7f934f804350>, <snowplow_tracker.self_describing_json.SelfDescribingJson object at 0x7f934f894a90>]}
[0m22:36:46.888496 [debug] [MainThread]: Flushing usage events
